Performing C SOURCE FILE Test CMAKE_HAVE_LIBC_PTHREAD failed with the following output:
Change Dir: /home/rbo/tutorialPlan/build/CMakeFiles/CMakeTmp

Run Build Command(s):/usr/bin/make cmTC_958b5/fast && /usr/bin/make  -f CMakeFiles/cmTC_958b5.dir/build.make CMakeFiles/cmTC_958b5.dir/build
make[1]: Entering directory '/home/rbo/tutorialPlan/build/CMakeFiles/CMakeTmp'
Building C object CMakeFiles/cmTC_958b5.dir/src.c.o
/usr/bin/cc   -DCMAKE_HAVE_LIBC_PTHREAD   -o CMakeFiles/cmTC_958b5.dir/src.c.o   -c /home/rbo/tutorialPlan/build/CMakeFiles/CMakeTmp/src.c
Linking C executable cmTC_958b5
/home/rbo/Documents/CLion-2020.3/clion-2020.3/bin/cmake/linux/bin/cmake -E cmake_link_script CMakeFiles/cmTC_958b5.dir/link.txt --verbose=1
/usr/bin/cc  -DCMAKE_HAVE_LIBC_PTHREAD    -rdynamic CMakeFiles/cmTC_958b5.dir/src.c.o  -o cmTC_958b5 
/usr/bin/ld: CMakeFiles/cmTC_958b5.dir/src.c.o: in function `main':
src.c:(.text+0x46): undefined reference to `pthread_create'
/usr/bin/ld: src.c:(.text+0x52): undefined reference to `pthread_detach'
/usr/bin/ld: src.c:(.text+0x5e): undefined reference to `pthread_cancel'
/usr/bin/ld: src.c:(.text+0x6f): undefined reference to `pthread_join'
collect2: error: ld returned 1 exit status
make[1]: *** [CMakeFiles/cmTC_958b5.dir/build.make:107: cmTC_958b5] Error 1
make[1]: Leaving directory '/home/rbo/tutorialPlan/build/CMakeFiles/CMakeTmp'
make: *** [Makefile:141: cmTC_958b5/fast] Error 2


Source file was:
#include <pthread.h>

void* test_func(void* data)
{
  return data;
}

int main(void)
{
  pthread_t thread;
  pthread_create(&thread, NULL, test_func, NULL);
  pthread_detach(thread);
  pthread_cancel(thread);
  pthread_join(thread, NULL);
  pthread_atfork(NULL, NULL, NULL);
  pthread_exit(NULL);

  return 0;
}

Determining if the function pthread_create exists in the pthreads failed with the following output:
Change Dir: /home/rbo/tutorialPlan/build/CMakeFiles/CMakeTmp

Run Build Command(s):/usr/bin/make cmTC_048ee/fast && /usr/bin/make  -f CMakeFiles/cmTC_048ee.dir/build.make CMakeFiles/cmTC_048ee.dir/build
make[1]: Entering directory '/home/rbo/tutorialPlan/build/CMakeFiles/CMakeTmp'
Building C object CMakeFiles/cmTC_048ee.dir/CheckFunctionExists.c.o
/usr/bin/cc   -DCHECK_FUNCTION_EXISTS=pthread_create   -o CMakeFiles/cmTC_048ee.dir/CheckFunctionExists.c.o   -c /home/rbo/Documents/CLion-2020.3/clion-2020.3/bin/cmake/linux/share/cmake-3.17/Modules/CheckFunctionExists.c
Linking C executable cmTC_048ee
/home/rbo/Documents/CLion-2020.3/clion-2020.3/bin/cmake/linux/bin/cmake -E cmake_link_script CMakeFiles/cmTC_048ee.dir/link.txt --verbose=1
/usr/bin/cc  -DCHECK_FUNCTION_EXISTS=pthread_create    -rdynamic CMakeFiles/cmTC_048ee.dir/CheckFunctionExists.c.o  -o cmTC_048ee  -lpthreads 
/usr/bin/ld: cannot find -lpthreads
collect2: error: ld returned 1 exit status
make[1]: *** [CMakeFiles/cmTC_048ee.dir/build.make:107: cmTC_048ee] Error 1
make[1]: Leaving directory '/home/rbo/tutorialPlan/build/CMakeFiles/CMakeTmp'
make: *** [Makefile:141: cmTC_048ee/fast] Error 2



Performing C SOURCE FILE Test CMAKE_HAVE_LIBC_PTHREAD failed with the following output:
Change Dir: /media/sf_tutorialPlan/build/CMakeFiles/CMakeTmp

Run Build Command(s):/usr/bin/make cmTC_63215/fast && /usr/bin/make -f CMakeFiles/cmTC_63215.dir/build.make CMakeFiles/cmTC_63215.dir/build
make[1]: Entering directory '/media/sf_tutorialPlan/build/CMakeFiles/CMakeTmp'
Building C object CMakeFiles/cmTC_63215.dir/src.c.o
/usr/bin/cc   -DCMAKE_HAVE_LIBC_PTHREAD   -o CMakeFiles/cmTC_63215.dir/src.c.o   -c /media/sf_tutorialPlan/build/CMakeFiles/CMakeTmp/src.c
Linking C executable cmTC_63215
/usr/bin/cmake -E cmake_link_script CMakeFiles/cmTC_63215.dir/link.txt --verbose=1
/usr/bin/cc  -DCMAKE_HAVE_LIBC_PTHREAD    -rdynamic CMakeFiles/cmTC_63215.dir/src.c.o  -o cmTC_63215 
/usr/bin/ld: CMakeFiles/cmTC_63215.dir/src.c.o: in function `main':
src.c:(.text+0x46): undefined reference to `pthread_create'
/usr/bin/ld: src.c:(.text+0x52): undefined reference to `pthread_detach'
/usr/bin/ld: src.c:(.text+0x63): undefined reference to `pthread_join'
collect2: error: ld returned 1 exit status
make[1]: *** [CMakeFiles/cmTC_63215.dir/build.make:87: cmTC_63215] Error 1
make[1]: Leaving directory '/media/sf_tutorialPlan/build/CMakeFiles/CMakeTmp'
make: *** [Makefile:121: cmTC_63215/fast] Error 2


Source file was:
#include <pthread.h>

void* test_func(void* data)
{
  return data;
}

int main(void)
{
  pthread_t thread;
  pthread_create(&thread, NULL, test_func, NULL);
  pthread_detach(thread);
  pthread_join(thread, NULL);
  pthread_atfork(NULL, NULL, NULL);
  pthread_exit(NULL);

  return 0;
}

Determining if the function pthread_create exists in the pthreads failed with the following output:
Change Dir: /media/sf_tutorialPlan/build/CMakeFiles/CMakeTmp

Run Build Command(s):/usr/bin/make cmTC_a0b1d/fast && make: Warning: File 'Makefile' has modification time 0,08 s in the future
/usr/bin/make -f CMakeFiles/cmTC_a0b1d.dir/build.make CMakeFiles/cmTC_a0b1d.dir/build
make[1]: Entering directory '/media/sf_tutorialPlan/build/CMakeFiles/CMakeTmp'
make[1]: Warning: File 'CMakeFiles/cmTC_a0b1d.dir/flags.make' has modification time 0,079 s in the future
Building C object CMakeFiles/cmTC_a0b1d.dir/CheckFunctionExists.c.o
/usr/bin/cc   -DCHECK_FUNCTION_EXISTS=pthread_create   -o CMakeFiles/cmTC_a0b1d.dir/CheckFunctionExists.c.o   -c /usr/share/cmake-3.16/Modules/CheckFunctionExists.c
Linking C executable cmTC_a0b1d
/usr/bin/cmake -E cmake_link_script CMakeFiles/cmTC_a0b1d.dir/link.txt --verbose=1
/usr/bin/cc  -DCHECK_FUNCTION_EXISTS=pthread_create    -rdynamic CMakeFiles/cmTC_a0b1d.dir/CheckFunctionExists.c.o  -o cmTC_a0b1d  -lpthreads 
/usr/bin/ld: cannot find -lpthreads
collect2: error: ld returned 1 exit status
make[1]: *** [CMakeFiles/cmTC_a0b1d.dir/build.make:87: cmTC_a0b1d] Error 1
make[1]: Leaving directory '/media/sf_tutorialPlan/build/CMakeFiles/CMakeTmp'
make: *** [Makefile:121: cmTC_a0b1d/fast] Error 2



Performing C SOURCE FILE Test CMAKE_HAVE_LIBC_PTHREAD failed with the following output:
Change Dir: /media/sf_tutorialPlan/build/CMakeFiles/CMakeTmp

Run Build Command(s):/usr/bin/make cmTC_6003c/fast && /usr/bin/make -f CMakeFiles/cmTC_6003c.dir/build.make CMakeFiles/cmTC_6003c.dir/build
make[1]: Entering directory '/media/sf_tutorialPlan/build/CMakeFiles/CMakeTmp'
Building C object CMakeFiles/cmTC_6003c.dir/src.c.o
/usr/bin/cc   -DCMAKE_HAVE_LIBC_PTHREAD   -o CMakeFiles/cmTC_6003c.dir/src.c.o   -c /media/sf_tutorialPlan/build/CMakeFiles/CMakeTmp/src.c
Linking C executable cmTC_6003c
/usr/bin/cmake -E cmake_link_script CMakeFiles/cmTC_6003c.dir/link.txt --verbose=1
/usr/bin/cc  -DCMAKE_HAVE_LIBC_PTHREAD    -rdynamic CMakeFiles/cmTC_6003c.dir/src.c.o  -o cmTC_6003c 
/usr/bin/ld: CMakeFiles/cmTC_6003c.dir/src.c.o: in function `main':
src.c:(.text+0x46): undefined reference to `pthread_create'
/usr/bin/ld: src.c:(.text+0x52): undefined reference to `pthread_detach'
/usr/bin/ld: src.c:(.text+0x63): undefined reference to `pthread_join'
collect2: error: ld returned 1 exit status
make[1]: *** [CMakeFiles/cmTC_6003c.dir/build.make:87: cmTC_6003c] Error 1
make[1]: Leaving directory '/media/sf_tutorialPlan/build/CMakeFiles/CMakeTmp'
make: *** [Makefile:121: cmTC_6003c/fast] Error 2


Source file was:
#include <pthread.h>

void* test_func(void* data)
{
  return data;
}

int main(void)
{
  pthread_t thread;
  pthread_create(&thread, NULL, test_func, NULL);
  pthread_detach(thread);
  pthread_join(thread, NULL);
  pthread_atfork(NULL, NULL, NULL);
  pthread_exit(NULL);

  return 0;
}

Determining if the function pthread_create exists in the pthreads failed with the following output:
Change Dir: /media/sf_tutorialPlan/build/CMakeFiles/CMakeTmp

Run Build Command(s):/usr/bin/make cmTC_6ace2/fast && make: Warning: File 'Makefile' has modification time 0,062 s in the future
/usr/bin/make -f CMakeFiles/cmTC_6ace2.dir/build.make CMakeFiles/cmTC_6ace2.dir/build
make[1]: Entering directory '/media/sf_tutorialPlan/build/CMakeFiles/CMakeTmp'
make[1]: Warning: File 'CMakeFiles/cmTC_6ace2.dir/flags.make' has modification time 0,059 s in the future
Building C object CMakeFiles/cmTC_6ace2.dir/CheckFunctionExists.c.o
/usr/bin/cc   -DCHECK_FUNCTION_EXISTS=pthread_create   -o CMakeFiles/cmTC_6ace2.dir/CheckFunctionExists.c.o   -c /usr/share/cmake-3.16/Modules/CheckFunctionExists.c
Linking C executable cmTC_6ace2
/usr/bin/cmake -E cmake_link_script CMakeFiles/cmTC_6ace2.dir/link.txt --verbose=1
/usr/bin/cc  -DCHECK_FUNCTION_EXISTS=pthread_create    -rdynamic CMakeFiles/cmTC_6ace2.dir/CheckFunctionExists.c.o  -o cmTC_6ace2  -lpthreads 
/usr/bin/ld: cannot find -lpthreads
collect2: error: ld returned 1 exit status
make[1]: *** [CMakeFiles/cmTC_6ace2.dir/build.make:87: cmTC_6ace2] Error 1
make[1]: Leaving directory '/media/sf_tutorialPlan/build/CMakeFiles/CMakeTmp'
make: *** [Makefile:121: cmTC_6ace2/fast] Error 2



Performing C SOURCE FILE Test CMAKE_HAVE_LIBC_PTHREAD failed with the following output:
Change Dir: /media/sf_tutorialPlan/build/CMakeFiles/CMakeTmp

Run Build Command(s):/usr/bin/make cmTC_0b7d8/fast && make: Warning: File 'Makefile' has modification time 0,069 s in the future
/usr/bin/make -f CMakeFiles/cmTC_0b7d8.dir/build.make CMakeFiles/cmTC_0b7d8.dir/build
make[1]: Entering directory '/media/sf_tutorialPlan/build/CMakeFiles/CMakeTmp'
make[1]: Warning: File 'CMakeFiles/cmTC_0b7d8.dir/flags.make' has modification time 0,068 s in the future
Building C object CMakeFiles/cmTC_0b7d8.dir/src.c.o
/usr/bin/cc   -DCMAKE_HAVE_LIBC_PTHREAD   -o CMakeFiles/cmTC_0b7d8.dir/src.c.o   -c /media/sf_tutorialPlan/build/CMakeFiles/CMakeTmp/src.c
Linking C executable cmTC_0b7d8
/usr/bin/cmake -E cmake_link_script CMakeFiles/cmTC_0b7d8.dir/link.txt --verbose=1
/usr/bin/cc  -DCMAKE_HAVE_LIBC_PTHREAD    -rdynamic CMakeFiles/cmTC_0b7d8.dir/src.c.o  -o cmTC_0b7d8 
/usr/bin/ld: CMakeFiles/cmTC_0b7d8.dir/src.c.o: in function `main':
src.c:(.text+0x46): undefined reference to `pthread_create'
/usr/bin/ld: src.c:(.text+0x52): undefined reference to `pthread_detach'
/usr/bin/ld: src.c:(.text+0x63): undefined reference to `pthread_join'
collect2: error: ld returned 1 exit status
make[1]: *** [CMakeFiles/cmTC_0b7d8.dir/build.make:87: cmTC_0b7d8] Error 1
make[1]: Leaving directory '/media/sf_tutorialPlan/build/CMakeFiles/CMakeTmp'
make: *** [Makefile:121: cmTC_0b7d8/fast] Error 2


Source file was:
#include <pthread.h>

void* test_func(void* data)
{
  return data;
}

int main(void)
{
  pthread_t thread;
  pthread_create(&thread, NULL, test_func, NULL);
  pthread_detach(thread);
  pthread_join(thread, NULL);
  pthread_atfork(NULL, NULL, NULL);
  pthread_exit(NULL);

  return 0;
}

Determining if the function pthread_create exists in the pthreads failed with the following output:
Change Dir: /media/sf_tutorialPlan/build/CMakeFiles/CMakeTmp

Run Build Command(s):/usr/bin/make cmTC_4c7b1/fast && make: Warning: File 'Makefile' has modification time 0,069 s in the future
/usr/bin/make -f CMakeFiles/cmTC_4c7b1.dir/build.make CMakeFiles/cmTC_4c7b1.dir/build
make[1]: Entering directory '/media/sf_tutorialPlan/build/CMakeFiles/CMakeTmp'
make[1]: Warning: File 'CMakeFiles/cmTC_4c7b1.dir/flags.make' has modification time 0,067 s in the future
Building C object CMakeFiles/cmTC_4c7b1.dir/CheckFunctionExists.c.o
/usr/bin/cc   -DCHECK_FUNCTION_EXISTS=pthread_create   -o CMakeFiles/cmTC_4c7b1.dir/CheckFunctionExists.c.o   -c /usr/share/cmake-3.16/Modules/CheckFunctionExists.c
Linking C executable cmTC_4c7b1
/usr/bin/cmake -E cmake_link_script CMakeFiles/cmTC_4c7b1.dir/link.txt --verbose=1
/usr/bin/cc  -DCHECK_FUNCTION_EXISTS=pthread_create    -rdynamic CMakeFiles/cmTC_4c7b1.dir/CheckFunctionExists.c.o  -o cmTC_4c7b1  -lpthreads 
/usr/bin/ld: cannot find -lpthreads
collect2: error: ld returned 1 exit status
make[1]: *** [CMakeFiles/cmTC_4c7b1.dir/build.make:87: cmTC_4c7b1] Error 1
make[1]: Leaving directory '/media/sf_tutorialPlan/build/CMakeFiles/CMakeTmp'
make: *** [Makefile:121: cmTC_4c7b1/fast] Error 2



